kotlin version: 2.2.0
error message: org.jetbrains.kotlin.backend.common.BackendException: Backend Internal error: Exception during IR lowering
File being compiled: C:/Users/tranl/AndroidStudioProjects/MyCookingApp/app/src/main/java/com/luutran/mycookingapp/data/model/CookedDishEntry.kt
The root cause java.lang.IllegalStateException was thrown at: org.jetbrains.kotlin.fir.backend.Fir2IrDeclarationStorage.findContainingIrClassSymbol(Fir2IrDeclarationStorage.kt:392)
	at org.jetbrains.kotlin.backend.common.BackendException$Companion.report(BackendException.kt:31)
	at org.jetbrains.kotlin.backend.common.BackendException$Companion.report$default(BackendException.kt:15)
	at org.jetbrains.kotlin.backend.common.phaser.PerformByIrFilePhase.invoke(PerformByIrFilePhase.kt:37)
	at org.jetbrains.kotlin.backend.common.phaser.PerformByIrFilePhase.invoke(PerformByIrFilePhase.kt:15)
	at org.jetbrains.kotlin.backend.common.phaser.PhaseEngine.runPhase(PhaseEngine.kt:64)
	at org.jetbrains.kotlin.backend.common.phaser.PhaseEngine.runPhase$default(PhaseEngine.kt:56)
	at org.jetbrains.kotlin.backend.jvm.JvmIrCodegenFactory.invokeLowerings(JvmIrCodegenFactory.kt:359)
	at org.jetbrains.kotlin.cli.jvm.compiler.KotlinToJVMBytecodeCompiler.runLowerings$cli(KotlinToJVMBytecodeCompiler.kt:415)
	at org.jetbrains.kotlin.cli.pipeline.jvm.JvmBackendPipelinePhase.executePhase(JvmBackendPipelinePhase.kt:85)
	at org.jetbrains.kotlin.cli.pipeline.jvm.JvmBackendPipelinePhase.executePhase(JvmBackendPipelinePhase.kt:36)
	at org.jetbrains.kotlin.cli.pipeline.jvm.JvmBackendPipelinePhase.executePhase(JvmBackendPipelinePhase.kt:29)
	at org.jetbrains.kotlin.cli.pipeline.PipelinePhase.phaseBody(PipelinePhase.kt:68)
	at org.jetbrains.kotlin.cli.pipeline.PipelinePhase.phaseBody(PipelinePhase.kt:58)
	at org.jetbrains.kotlin.config.phaser.NamedCompilerPhase.invoke(CompilerPhase.kt:102)
	at org.jetbrains.kotlin.backend.common.phaser.CompositePhase.invoke(PhaseBuilders.kt:22)
	at org.jetbrains.kotlin.config.phaser.CompilerPhaseKt.invokeToplevel(CompilerPhase.kt:53)
	at org.jetbrains.kotlin.cli.pipeline.AbstractCliPipeline.runPhasedPipeline(AbstractCliPipeline.kt:109)
	at org.jetbrains.kotlin.cli.pipeline.AbstractCliPipeline.execute(AbstractCliPipeline.kt:68)
	at org.jetbrains.kotlin.cli.jvm.K2JVMCompiler.doExecutePhased(K2JVMCompiler.kt:78)
	at org.jetbrains.kotlin.cli.jvm.K2JVMCompiler.doExecutePhased(K2JVMCompiler.kt:44)
	at org.jetbrains.kotlin.cli.common.CLICompiler.execImpl(CLICompiler.kt:90)
	at org.jetbrains.kotlin.cli.common.CLICompiler.exec(CLICompiler.kt:352)
	at org.jetbrains.kotlin.incremental.IncrementalJvmCompilerRunnerBase.runCompiler(IncrementalJvmCompilerRunnerBase.kt:175)
	at org.jetbrains.kotlin.incremental.IncrementalJvmCompilerRunnerBase.runCompiler(IncrementalJvmCompilerRunnerBase.kt:38)
	at org.jetbrains.kotlin.incremental.IncrementalCompilerRunner.doCompile(IncrementalCompilerRunner.kt:504)
	at org.jetbrains.kotlin.incremental.IncrementalCompilerRunner.compileImpl(IncrementalCompilerRunner.kt:421)
	at org.jetbrains.kotlin.incremental.IncrementalCompilerRunner.tryCompileIncrementally$lambda$10$compile(IncrementalCompilerRunner.kt:254)
	at org.jetbrains.kotlin.incremental.IncrementalCompilerRunner.tryCompileIncrementally(IncrementalCompilerRunner.kt:272)
	at org.jetbrains.kotlin.incremental.IncrementalCompilerRunner.compile(IncrementalCompilerRunner.kt:124)
	at org.jetbrains.kotlin.daemon.CompileServiceImplBase.execIncrementalCompiler(CompileServiceImpl.kt:679)
	at org.jetbrains.kotlin.daemon.CompileServiceImplBase.access$execIncrementalCompiler(CompileServiceImpl.kt:93)
	at org.jetbrains.kotlin.daemon.CompileServiceImpl.compile(CompileServiceImpl.kt:1806)
	at java.base/jdk.internal.reflect.DirectMethodHandleAccessor.invoke(Unknown Source)
	at java.base/java.lang.reflect.Method.invoke(Unknown Source)
	at java.rmi/sun.rmi.server.UnicastServerRef.dispatch(Unknown Source)
	at java.rmi/sun.rmi.transport.Transport$1.run(Unknown Source)
	at java.rmi/sun.rmi.transport.Transport$1.run(Unknown Source)
	at java.base/java.security.AccessController.doPrivileged(Unknown Source)
	at java.rmi/sun.rmi.transport.Transport.serviceCall(Unknown Source)
	at java.rmi/sun.rmi.transport.tcp.TCPTransport.handleMessages(Unknown Source)
	at java.rmi/sun.rmi.transport.tcp.TCPTransport$ConnectionHandler.run0(Unknown Source)
	at java.rmi/sun.rmi.transport.tcp.TCPTransport$ConnectionHandler.lambda$run$0(Unknown Source)
	at java.base/java.security.AccessController.doPrivileged(Unknown Source)
	at java.rmi/sun.rmi.transport.tcp.TCPTransport$ConnectionHandler.run(Unknown Source)
	at java.base/java.util.concurrent.ThreadPoolExecutor.runWorker(Unknown Source)
	at java.base/java.util.concurrent.ThreadPoolExecutor$Worker.run(Unknown Source)
	at java.base/java.lang.Thread.run(Unknown Source)
Caused by: java.lang.IllegalStateException: IR class for GeneratedMessageLite not found
	at org.jetbrains.kotlin.fir.backend.Fir2IrDeclarationStorage.findContainingIrClassSymbol(Fir2IrDeclarationStorage.kt:392)
	at org.jetbrains.kotlin.fir.backend.Fir2IrDeclarationStorage.createMemberFunctionSymbol(Fir2IrDeclarationStorage.kt:374)
	at org.jetbrains.kotlin.fir.backend.Fir2IrDeclarationStorage.getIrFunctionSymbol(Fir2IrDeclarationStorage.kt:1143)
	at org.jetbrains.kotlin.fir.backend.Fir2IrDeclarationStorage.getIrFunctionSymbol$default(Fir2IrDeclarationStorage.kt:1106)
	at org.jetbrains.kotlin.fir.lazy.Fir2IrLazySimpleFunction.overriddenSymbols_delegate$lambda$2(Fir2IrLazySimpleFunction.kt:57)
	at org.jetbrains.kotlin.ir.declarations.lazy.SynchronizedLazyVar.getValue(lazyUtil.kt:29)
	at org.jetbrains.kotlin.ir.declarations.lazy.SynchronizedLazyVar.getValue(lazyUtil.kt:40)
	at org.jetbrains.kotlin.fir.backend.MappedLazyVar.getValue(Fir2IrSymbolsMappingForLazyClasses.kt:69)
	at org.jetbrains.kotlin.fir.lazy.Fir2IrLazySimpleFunction.getOverriddenSymbols(Fir2IrLazySimpleFunction.kt:51)
	at org.jetbrains.kotlin.ir.util.IrUtilsKt.allOverridden(IrUtils.kt:1317)
	at org.jetbrains.kotlin.backend.common.lower.SpecialBridgeMethods.findSpecialWithOverride(SpecialBridgeMethods.kt:121)
	at org.jetbrains.kotlin.backend.jvm.lower.JvmArgumentNullabilityAssertionsLowering.isCallToMethodWithTypeCheckBarrier(JvmArgumentNullabilityAssertionsLowering.kt:105)
	at org.jetbrains.kotlin.backend.jvm.lower.JvmArgumentNullabilityAssertionsLowering.visitMemberAccess(JvmArgumentNullabilityAssertionsLowering.kt:74)
	at org.jetbrains.kotlin.backend.jvm.lower.JvmArgumentNullabilityAssertionsLowering.visitMemberAccess(JvmArgumentNullabilityAssertionsLowering.kt:28)
	at org.jetbrains.kotlin.ir.visitors.IrTransformer.visitFunctionAccess(IrTransformer.kt:117)
	at org.jetbrains.kotlin.ir.visitors.IrTransformer.visitCall(IrTransformer.kt:162)
	at org.jetbrains.kotlin.ir.visitors.IrTransformer.visitCall(IrTransformer.kt:19)
	at org.jetbrains.kotlin.ir.expressions.IrCall.accept(IrCall.kt:24)
	at org.jetbrains.kotlin.ir.expressions.IrExpression.transform(IrExpression.kt:23)
	at org.jetbrains.kotlin.ir.expressions.IrBranch.transformChildren(IrBranch.kt:37)
	at org.jetbrains.kotlin.ir.visitors.IrTransformer.visitElseBranch(IrTransformer.kt:305)
	at org.jetbrains.kotlin.ir.visitors.IrTransformer.visitElseBranch(IrTransformer.kt:19)
	at org.jetbrains.kotlin.ir.expressions.IrElseBranch.accept(IrElseBranch.kt:19)
	at org.jetbrains.kotlin.ir.expressions.IrElseBranch.transform(IrElseBranch.kt:22)
	at org.jetbrains.kotlin.ir.expressions.IrElseBranch.transform(IrElseBranch.kt:17)
	at org.jetbrains.kotlin.ir.util.TransformKt.transformInPlace(transform.kt:35)
	at org.jetbrains.kotlin.ir.expressions.IrWhen.transformChildren(IrWhen.kt:31)
	at org.jetbrains.kotlin.ir.visitors.IrTransformer.visitExpression(IrTransformer.kt:95)
	at org.jetbrains.kotlin.ir.visitors.IrTransformer.visitWhen(IrTransformer.kt:297)
	at org.jetbrains.kotlin.ir.visitors.IrTransformer.visitWhen(IrTransformer.kt:19)
	at org.jetbrains.kotlin.ir.expressions.IrWhen.accept(IrWhen.kt:24)
	at org.jetbrains.kotlin.ir.expressions.IrExpression.transform(IrExpression.kt:23)
	at org.jetbrains.kotlin.backend.jvm.lower.JvmArgumentNullabilityAssertionsLowering.visitMemberAccess(JvmArgumentNullabilityAssertionsLowering.kt:85)
	at org.jetbrains.kotlin.backend.jvm.lower.JvmArgumentNullabilityAssertionsLowering.visitMemberAccess(JvmArgumentNullabilityAssertionsLowering.kt:28)
	at org.jetbrains.kotlin.ir.visitors.IrTransformer.visitFunctionAccess(IrTransformer.kt:117)
	at org.jetbrains.kotlin.ir.visitors.IrTransformer.visitCall(IrTransformer.kt:162)
	at org.jetbrains.kotlin.ir.visitors.IrTransformer.visitCall(IrTransformer.kt:19)
	at org.jetbrains.kotlin.ir.expressions.IrCall.accept(IrCall.kt:24)
	at org.jetbrains.kotlin.ir.expressions.IrExpression.transform(IrExpression.kt:23)
	at org.jetbrains.kotlin.ir.expressions.IrSetValue.transformChildren(IrSetValue.kt:28)
	at org.jetbrains.kotlin.ir.visitors.IrTransformer.visitExpression(IrTransformer.kt:95)
	at org.jetbrains.kotlin.ir.visitors.IrTransformer.visitDeclarationReference(IrTransformer.kt:111)
	at org.jetbrains.kotlin.ir.visitors.IrTransformer.visitValueAccess(IrTransformer.kt:280)
	at org.jetbrains.kotlin.ir.visitors.IrTransformer.visitSetValue(IrTransformer.kt:286)
	at org.jetbrains.kotlin.ir.visitors.IrTransformer.visitSetValue(IrTransformer.kt:19)
	at org.jetbrains.kotlin.ir.expressions.IrSetValue.accept(IrSetValue.kt:21)
	at org.jetbrains.kotlin.ir.expressions.IrExpression.transform(IrExpression.kt:23)
	at org.jetbrains.kotlin.ir.expressions.IrExpression.transform(IrExpression.kt:19)
	at org.jetbrains.kotlin.ir.util.TransformKt.transformInPlace(transform.kt:35)
	at org.jetbrains.kotlin.ir.expressions.IrBlockBody.transformChildren(IrBlockBody.kt:27)
	at org.jetbrains.kotlin.ir.visitors.IrTransformer.visitBody(IrTransformer.kt:100)
	at org.jetbrains.kotlin.ir.visitors.IrTransformer.visitBlockBody(IrTransformer.kt:108)
	at org.jetbrains.kotlin.ir.visitors.IrTransformer.visitBlockBody(IrTransformer.kt:19)
	at org.jetbrains.kotlin.ir.expressions.IrBlockBody.accept(IrBlockBody.kt:20)
	at org.jetbrains.kotlin.ir.expressions.IrBody.transform(IrBody.kt:20)
	at org.jetbrains.kotlin.ir.declarations.IrFunction.transformChildren(IrFunction.kt:296)
	at org.jetbrains.kotlin.ir.visitors.IrTransformer.visitDeclaration(IrTransformer.kt:27)
	at org.jetbrains.kotlin.backend.jvm.lower.JvmArgumentNullabilityAssertionsLowering.visitDeclaration(JvmArgumentNullabilityAssertionsLowering.kt:52)
	at org.jetbrains.kotlin.backend.jvm.lower.JvmArgumentNullabilityAssertionsLowering.visitDeclaration(JvmArgumentNullabilityAssertionsLowering.kt:28)
	at org.jetbrains.kotlin.ir.visitors.IrTransformer.visitFunction(IrTransformer.kt:44)
	at org.jetbrains.kotlin.ir.visitors.IrTransformer.visitSimpleFunction(IrTransformer.kt:73)
	at org.jetbrains.kotlin.ir.visitors.IrTransformer.visitSimpleFunction(IrTransformer.kt:19)
	at org.jetbrains.kotlin.ir.declarations.IrSimpleFunction.accept(IrSimpleFunction.kt:39)
	at org.jetbrains.kotlin.ir.IrElementBase.transform(IrElementBase.kt:33)
	at org.jetbrains.kotlin.ir.util.TransformKt.transformInPlace(transform.kt:35)
	at org.jetbrains.kotlin.ir.declarations.IrClass.transformChildren(IrClass.kt:82)
	at org.jetbrains.kotlin.ir.visitors.IrTransformer.visitDeclaration(IrTransformer.kt:27)
	at org.jetbrains.kotlin.backend.jvm.lower.JvmArgumentNullabilityAssertionsLowering.visitDeclaration(JvmArgumentNullabilityAssertionsLowering.kt:52)
	at org.jetbrains.kotlin.backend.jvm.lower.JvmArgumentNullabilityAssertionsLowering.visitDeclaration(JvmArgumentNullabilityAssertionsLowering.kt:28)
	at org.jetbrains.kotlin.ir.visitors.IrTransformer.visitClass(IrTransformer.kt:35)
	at org.jetbrains.kotlin.ir.visitors.IrTransformer.visitClass(IrTransformer.kt:19)
	at org.jetbrains.kotlin.ir.declarations.IrClass.accept(IrClass.kt:72)
	at org.jetbrains.kotlin.ir.IrElementBase.transform(IrElementBase.kt:33)
	at org.jetbrains.kotlin.ir.util.TransformKt.transformInPlace(transform.kt:35)
	at org.jetbrains.kotlin.ir.declarations.IrPackageFragment.transformChildren(IrPackageFragment.kt:31)
	at org.jetbrains.kotlin.backend.jvm.lower.JvmArgumentNullabilityAssertionsLowering.lower(JvmArgumentNullabilityAssertionsLowering.kt:46)
	at org.jetbrains.kotlin.backend.common.phaser.PhaseFactoriesKt.createFilePhase$lambda$4(PhaseFactories.kt:88)
	at org.jetbrains.kotlin.backend.common.phaser.PhaseBuildersKt$createSimpleNamedCompilerPhase$1.phaseBody(PhaseBuilders.kt:58)
	at org.jetbrains.kotlin.config.phaser.NamedCompilerPhase.invoke(CompilerPhase.kt:102)
	at org.jetbrains.kotlin.backend.common.phaser.PerformByIrFilePhase.invoke(PerformByIrFilePhase.kt:34)
	... 44 more


